Kein venv gefunden. Erstelle neues venv...
Installiere Basis-Pakete...
Requirement already satisfied: pip in ./venv/lib/python3.12/site-packages (24.0)
Collecting pip
  Using cached pip-26.0.1-py3-none-any.whl.metadata (4.7 kB)
Collecting setuptools
  Using cached setuptools-82.0.1-py3-none-any.whl.metadata (6.5 kB)
Collecting wheel
  Using cached wheel-0.47.0-py3-none-any.whl.metadata (2.3 kB)
Collecting packaging>=24.0 (from wheel)
  Using cached packaging-26.1-py3-none-any.whl.metadata (3.5 kB)
Using cached pip-26.0.1-py3-none-any.whl (1.8 MB)
Using cached setuptools-82.0.1-py3-none-any.whl (1.0 MB)
Using cached wheel-0.47.0-py3-none-any.whl (32 kB)
Using cached packaging-26.1-py3-none-any.whl (95 kB)
Installing collected packages: setuptools, pip, packaging, wheel
  Attempting uninstall: pip
    Found existing installation: pip 24.0
    Uninstalling pip-24.0:
      Successfully uninstalled pip-24.0
Successfully installed packaging-26.1 pip-26.0.1 setuptools-82.0.1 wheel-0.47.0
Installiere PyTorch und GPU-Abhängigkeiten...
Looking in indexes: https://download.pytorch.org/whl/cu121
Collecting torch==2.5.1+cu121
  Using cached https://download-r2.pytorch.org/whl/cu121/torch-2.5.1%2Bcu121-cp312-cp312-linux_x86_64.whl (780.4 MB)
Collecting filelock (from torch==2.5.1+cu121)
  Using cached filelock-3.25.2-py3-none-any.whl.metadata (2.0 kB)
Collecting typing-extensions>=4.8.0 (from torch==2.5.1+cu121)
  Using cached https://download.pytorch.org/whl/typing_extensions-4.15.0-py3-none-any.whl.metadata (3.3 kB)
Collecting networkx (from torch==2.5.1+cu121)
  Using cached networkx-3.6.1-py3-none-any.whl.metadata (6.8 kB)
Collecting jinja2 (from torch==2.5.1+cu121)
  Using cached https://download.pytorch.org/whl/jinja2-3.1.6-py3-none-any.whl.metadata (2.9 kB)
Collecting fsspec (from torch==2.5.1+cu121)
  Using cached fsspec-2026.2.0-py3-none-any.whl.metadata (10 kB)
Collecting nvidia-cuda-nvrtc-cu12==12.1.105 (from torch==2.5.1+cu121)
  Using cached https://download.pytorch.org/whl/cu121/nvidia_cuda_nvrtc_cu12-12.1.105-py3-none-manylinux1_x86_64.whl (23.7 MB)
Collecting nvidia-cuda-runtime-cu12==12.1.105 (from torch==2.5.1+cu121)
  Using cached https://download.pytorch.org/whl/cu121/nvidia_cuda_runtime_cu12-12.1.105-py3-none-manylinux1_x86_64.whl (823 kB)
Collecting nvidia-cuda-cupti-cu12==12.1.105 (from torch==2.5.1+cu121)
  Using cached https://download.pytorch.org/whl/cu121/nvidia_cuda_cupti_cu12-12.1.105-py3-none-manylinux1_x86_64.whl (14.1 MB)
Collecting nvidia-cudnn-cu12==9.1.0.70 (from torch==2.5.1+cu121)
  Using cached https://download.pytorch.org/whl/cu121/nvidia_cudnn_cu12-9.1.0.70-py3-none-manylinux2014_x86_64.whl (664.8 MB)
Collecting nvidia-cublas-cu12==12.1.3.1 (from torch==2.5.1+cu121)
  Using cached https://download.pytorch.org/whl/cu121/nvidia_cublas_cu12-12.1.3.1-py3-none-manylinux1_x86_64.whl (410.6 MB)
Collecting nvidia-cufft-cu12==11.0.2.54 (from torch==2.5.1+cu121)
  Using cached https://download.pytorch.org/whl/cu121/nvidia_cufft_cu12-11.0.2.54-py3-none-manylinux1_x86_64.whl (121.6 MB)
Collecting nvidia-curand-cu12==10.3.2.106 (from torch==2.5.1+cu121)
  Using cached https://download.pytorch.org/whl/cu121/nvidia_curand_cu12-10.3.2.106-py3-none-manylinux1_x86_64.whl (56.5 MB)
Collecting nvidia-cusolver-cu12==11.4.5.107 (from torch==2.5.1+cu121)
  Using cached https://download.pytorch.org/whl/cu121/nvidia_cusolver_cu12-11.4.5.107-py3-none-manylinux1_x86_64.whl (124.2 MB)
Collecting nvidia-cusparse-cu12==12.1.0.106 (from torch==2.5.1+cu121)
  Using cached https://download.pytorch.org/whl/cu121/nvidia_cusparse_cu12-12.1.0.106-py3-none-manylinux1_x86_64.whl (196.0 MB)
Collecting nvidia-nccl-cu12==2.21.5 (from torch==2.5.1+cu121)
  Using cached https://download.pytorch.org/whl/nvidia_nccl_cu12-2.21.5-py3-none-manylinux2014_x86_64.whl (188.7 MB)
Collecting nvidia-nvtx-cu12==12.1.105 (from torch==2.5.1+cu121)
  Using cached https://download.pytorch.org/whl/cu121/nvidia_nvtx_cu12-12.1.105-py3-none-manylinux1_x86_64.whl (99 kB)
Collecting triton==3.1.0 (from torch==2.5.1+cu121)
  Using cached https://download-r2.pytorch.org/whl/triton-3.1.0-cp312-cp312-manylinux_2_17_x86_64.manylinux2014_x86_64.whl (209.6 MB)
Requirement already satisfied: setuptools in ./venv/lib/python3.12/site-packages (from torch==2.5.1+cu121) (82.0.1)
Collecting sympy==1.13.1 (from torch==2.5.1+cu121)
  Using cached sympy-1.13.1-py3-none-any.whl.metadata (12 kB)
Collecting nvidia-nvjitlink-cu12 (from nvidia-cusolver-cu12==11.4.5.107->torch==2.5.1+cu121)
  Using cached https://download.pytorch.org/whl/nvidia_nvjitlink_cu12-12.9.86-py3-none-manylinux2010_x86_64.manylinux_2_12_x86_64.whl.metadata (1.7 kB)
Collecting mpmath<1.4,>=1.1.0 (from sympy==1.13.1->torch==2.5.1+cu121)
  Using cached mpmath-1.3.0-py3-none-any.whl.metadata (8.6 kB)
Collecting MarkupSafe>=2.0 (from jinja2->torch==2.5.1+cu121)
  Using cached https://download.pytorch.org/whl/markupsafe-3.0.3-cp312-cp312-manylinux2014_x86_64.manylinux_2_17_x86_64.manylinux_2_28_x86_64.whl.metadata (2.7 kB)
Using cached sympy-1.13.1-py3-none-any.whl (6.2 MB)
Using cached mpmath-1.3.0-py3-none-any.whl (536 kB)
Using cached https://download.pytorch.org/whl/typing_extensions-4.15.0-py3-none-any.whl (44 kB)
Using cached filelock-3.25.2-py3-none-any.whl (26 kB)
Using cached fsspec-2026.2.0-py3-none-any.whl (202 kB)
Using cached https://download.pytorch.org/whl/jinja2-3.1.6-py3-none-any.whl (134 kB)
Using cached https://download.pytorch.org/whl/markupsafe-3.0.3-cp312-cp312-manylinux2014_x86_64.manylinux_2_17_x86_64.manylinux_2_28_x86_64.whl (22 kB)
Using cached networkx-3.6.1-py3-none-any.whl (2.1 MB)
Using cached https://download.pytorch.org/whl/nvidia_nvjitlink_cu12-12.9.86-py3-none-manylinux2010_x86_64.manylinux_2_12_x86_64.whl (39.7 MB)
Installing collected packages: mpmath, typing-extensions, sympy, nvidia-nvtx-cu12, nvidia-nvjitlink-cu12, nvidia-nccl-cu12, nvidia-curand-cu12, nvidia-cufft-cu12, nvidia-cuda-runtime-cu12, nvidia-cuda-nvrtc-cu12, nvidia-cuda-cupti-cu12, nvidia-cublas-cu12, networkx, MarkupSafe, fsspec, filelock, triton, nvidia-cusparse-cu12, nvidia-cudnn-cu12, jinja2, nvidia-cusolver-cu12, torch

Successfully installed MarkupSafe-3.0.3 filelock-3.25.2 fsspec-2026.2.0 jinja2-3.1.6 mpmath-1.3.0 networkx-3.6.1 nvidia-cublas-cu12-12.1.3.1 nvidia-cuda-cupti-cu12-12.1.105 nvidia-cuda-nvrtc-cu12-12.1.105 nvidia-cuda-runtime-cu12-12.1.105 nvidia-cudnn-cu12-9.1.0.70 nvidia-cufft-cu12-11.0.2.54 nvidia-curand-cu12-10.3.2.106 nvidia-cusolver-cu12-11.4.5.107 nvidia-cusparse-cu12-12.1.0.106 nvidia-nccl-cu12-2.21.5 nvidia-nvjitlink-cu12-12.9.86 nvidia-nvtx-cu12-12.1.105 sympy-1.13.1 torch-2.5.1+cu121 triton-3.1.0 typing-extensions-4.15.0
Collecting cupy-cuda12x<13
  Downloading cupy_cuda12x-12.3.0-cp312-cp312-manylinux2014_x86_64.whl.metadata (2.7 kB)
Collecting numpy<1.29,>=1.20 (from cupy-cuda12x<13)
  Downloading numpy-1.26.4-cp312-cp312-manylinux_2_17_x86_64.manylinux2014_x86_64.whl.metadata (61 kB)
Collecting fastrlock>=0.5 (from cupy-cuda12x<13)
  Downloading fastrlock-0.8.3-cp312-cp312-manylinux_2_5_x86_64.manylinux1_x86_64.manylinux_2_28_x86_64.whl.metadata (7.7 kB)
Downloading cupy_cuda12x-12.3.0-cp312-cp312-manylinux2014_x86_64.whl (82.1 MB)
   ━━━━━━━━━━━━━━━━━━━━━━━━━━━━━━━━━━━━━━━━ 82.1/82.1 MB 16.3 MB/s  0:00:05
Downloading numpy-1.26.4-cp312-cp312-manylinux_2_17_x86_64.manylinux2014_x86_64.whl (18.0 MB)
   ━━━━━━━━━━━━━━━━━━━━━━━━━━━━━━━━━━━━━━━━ 18.0/18.0 MB 14.2 MB/s  0:00:01
Downloading fastrlock-0.8.3-cp312-cp312-manylinux_2_5_x86_64.manylinux1_x86_64.manylinux_2_28_x86_64.whl (53 kB)
Installing collected packages: fastrlock, numpy, cupy-cuda12x

Successfully installed cupy-cuda12x-12.3.0 fastrlock-0.8.3 numpy-1.26.4
Installiere spaCy und Requirements...
Collecting spacy
  Using cached spacy-3.8.14-cp312-cp312-manylinux2014_x86_64.manylinux_2_17_x86_64.whl.metadata (28 kB)
Collecting spacy-transformers
  Using cached spacy_transformers-1.4.0-cp312-cp312-manylinux2014_x86_64.manylinux_2_17_x86_64.whl.metadata (7.0 kB)
Collecting spacy-legacy<3.1.0,>=3.0.11 (from spacy)
  Using cached spacy_legacy-3.0.12-py2.py3-none-any.whl.metadata (2.8 kB)
Collecting spacy-loggers<2.0.0,>=1.0.0 (from spacy)
  Using cached spacy_loggers-1.0.5-py3-none-any.whl.metadata (23 kB)
Collecting murmurhash<1.1.0,>=0.28.0 (from spacy)
  Using cached murmurhash-1.0.15-cp312-cp312-manylinux1_x86_64.manylinux2014_x86_64.manylinux_2_17_x86_64.manylinux_2_5_x86_64.whl.metadata (2.3 kB)
Collecting cymem<2.1.0,>=2.0.2 (from spacy)
  Using cached cymem-2.0.13-cp312-cp312-manylinux2014_x86_64.manylinux_2_17_x86_64.whl.metadata (9.7 kB)
Collecting preshed<3.1.0,>=3.0.2 (from spacy)
  Using cached preshed-3.0.13-cp312-cp312-manylinux2014_x86_64.manylinux_2_17_x86_64.whl.metadata (5.2 kB)
Collecting thinc<8.4.0,>=8.3.12 (from spacy)
  Using cached thinc-8.3.13-cp312-cp312-manylinux2014_x86_64.manylinux_2_17_x86_64.whl.metadata (14 kB)
Collecting wasabi<1.2.0,>=0.9.1 (from spacy)
  Using cached wasabi-1.1.3-py3-none-any.whl.metadata (28 kB)
Collecting srsly<3.0.0,>=2.5.3 (from spacy)
  Using cached srsly-2.5.3-cp312-cp312-manylinux2014_x86_64.manylinux_2_17_x86_64.whl.metadata (19 kB)
Collecting catalogue<2.1.0,>=2.0.6 (from spacy)
  Using cached catalogue-2.0.10-py3-none-any.whl.metadata (14 kB)
Collecting weasel<2.0.0,>=1.0.0 (from spacy)
  Using cached weasel-1.0.0-py3-none-any.whl.metadata (4.6 kB)
Collecting confection<2.0.0,>=1.3.2 (from spacy)
  Using cached confection-1.3.3-py3-none-any.whl.metadata (19 kB)
Collecting typer<1.0.0,>=0.3.0 (from spacy)
  Using cached typer-0.24.2-py3-none-any.whl.metadata (15 kB)
Collecting tqdm<5.0.0,>=4.38.0 (from spacy)
  Using cached tqdm-4.67.3-py3-none-any.whl.metadata (57 kB)
Requirement already satisfied: numpy>=1.19.0 in ./venv/lib/python3.12/site-packages (from spacy) (1.26.4)
Collecting requests<3.0.0,>=2.13.0 (from spacy)
  Using cached requests-2.33.1-py3-none-any.whl.metadata (4.8 kB)
Collecting pydantic<3.0.0,>=2.0.0 (from spacy)
  Using cached pydantic-2.13.3-py3-none-any.whl.metadata (108 kB)
Requirement already satisfied: jinja2 in ./venv/lib/python3.12/site-packages (from spacy) (3.1.6)
Requirement already satisfied: setuptools in ./venv/lib/python3.12/site-packages (from spacy) (82.0.1)
Requirement already satisfied: packaging>=20.0 in ./venv/lib/python3.12/site-packages (from spacy) (26.1)
Collecting annotated-types>=0.6.0 (from pydantic<3.0.0,>=2.0.0->spacy)
  Using cached annotated_types-0.7.0-py3-none-any.whl.metadata (15 kB)
Collecting pydantic-core==2.46.3 (from pydantic<3.0.0,>=2.0.0->spacy)
  Using cached pydantic_core-2.46.3-cp312-cp312-manylinux_2_17_x86_64.manylinux2014_x86_64.whl.metadata (6.6 kB)
Requirement already satisfied: typing-extensions>=4.14.1 in ./venv/lib/python3.12/site-packages (from pydantic<3.0.0,>=2.0.0->spacy) (4.15.0)
Collecting typing-inspection>=0.4.2 (from pydantic<3.0.0,>=2.0.0->spacy)
  Using cached typing_inspection-0.4.2-py3-none-any.whl.metadata (2.6 kB)
Collecting charset_normalizer<4,>=2 (from requests<3.0.0,>=2.13.0->spacy)
  Using cached charset_normalizer-3.4.7-cp312-cp312-manylinux2014_x86_64.manylinux_2_17_x86_64.manylinux_2_28_x86_64.whl.metadata (40 kB)
Collecting idna<4,>=2.5 (from requests<3.0.0,>=2.13.0->spacy)
  Using cached idna-3.13-py3-none-any.whl.metadata (8.0 kB)
Collecting urllib3<3,>=1.26 (from requests<3.0.0,>=2.13.0->spacy)
  Using cached urllib3-2.6.3-py3-none-any.whl.metadata (6.9 kB)
Collecting certifi>=2023.5.7 (from requests<3.0.0,>=2.13.0->spacy)
  Using cached certifi-2026.4.22-py3-none-any.whl.metadata (2.5 kB)
Collecting blis<1.4.0,>=1.3.0 (from thinc<8.4.0,>=8.3.12->spacy)
  Using cached blis-1.3.3-cp312-cp312-manylinux2014_x86_64.manylinux_2_17_x86_64.whl.metadata (7.5 kB)
Collecting click>=8.2.1 (from typer<1.0.0,>=0.3.0->spacy)
  Using cached click-8.3.3-py3-none-any.whl.metadata (2.6 kB)
Collecting shellingham>=1.3.0 (from typer<1.0.0,>=0.3.0->spacy)
  Using cached shellingham-1.5.4-py2.py3-none-any.whl.metadata (3.5 kB)
Collecting rich>=12.3.0 (from typer<1.0.0,>=0.3.0->spacy)
  Using cached rich-15.0.0-py3-none-any.whl.metadata (18 kB)
Collecting annotated-doc>=0.0.2 (from typer<1.0.0,>=0.3.0->spacy)
  Using cached annotated_doc-0.0.4-py3-none-any.whl.metadata (6.6 kB)
Collecting cloudpathlib>=0.7.0 (from weasel<2.0.0,>=1.0.0->spacy)
  Using cached cloudpathlib-0.23.0-py3-none-any.whl.metadata (16 kB)
Collecting smart-open>=5.2.1 (from weasel<2.0.0,>=1.0.0->spacy)
  Using cached smart_open-7.6.0-py3-none-any.whl.metadata (25 kB)
Collecting httpx>=0.24.0 (from weasel<2.0.0,>=1.0.0->spacy)
  Using cached httpx-0.28.1-py3-none-any.whl.metadata (7.1 kB)
Collecting transformers<4.53.3,>=3.4.0 (from spacy-transformers)
  Using cached transformers-4.53.2-py3-none-any.whl.metadata (40 kB)
Requirement already satisfied: torch>=1.8.0 in ./venv/lib/python3.12/site-packages (from spacy-transformers) (2.5.1+cu121)
Collecting spacy-alignments<1.0.0,>=0.7.2 (from spacy-transformers)
  Using cached spacy_alignments-0.9.2-cp312-cp312-manylinux_2_17_x86_64.manylinux2014_x86_64.whl.metadata (2.6 kB)
Requirement already satisfied: filelock in ./venv/lib/python3.12/site-packages (from transformers<4.53.3,>=3.4.0->spacy-transformers) (3.25.2)
Collecting huggingface-hub<1.0,>=0.30.0 (from transformers<4.53.3,>=3.4.0->spacy-transformers)
  Using cached huggingface_hub-0.36.2-py3-none-any.whl.metadata (15 kB)
Collecting pyyaml>=5.1 (from transformers<4.53.3,>=3.4.0->spacy-transformers)
  Using cached pyyaml-6.0.3-cp312-cp312-manylinux2014_x86_64.manylinux_2_17_x86_64.manylinux_2_28_x86_64.whl.metadata (2.4 kB)
Collecting regex!=2019.12.17 (from transformers<4.53.3,>=3.4.0->spacy-transformers)
  Using cached regex-2026.4.4-cp312-cp312-manylinux2014_x86_64.manylinux_2_17_x86_64.manylinux_2_28_x86_64.whl.metadata (40 kB)
Collecting tokenizers<0.22,>=0.21 (from transformers<4.53.3,>=3.4.0->spacy-transformers)
  Using cached tokenizers-0.21.4-cp39-abi3-manylinux_2_17_x86_64.manylinux2014_x86_64.whl.metadata (6.7 kB)
Collecting safetensors>=0.4.3 (from transformers<4.53.3,>=3.4.0->spacy-transformers)
  Using cached safetensors-0.7.0-cp38-abi3-manylinux_2_17_x86_64.manylinux2014_x86_64.whl.metadata (4.1 kB)
Requirement already satisfied: fsspec>=2023.5.0 in ./venv/lib/python3.12/site-packages (from huggingface-hub<1.0,>=0.30.0->transformers<4.53.3,>=3.4.0->spacy-transformers) (2026.2.0)
Collecting hf-xet<2.0.0,>=1.1.3 (from huggingface-hub<1.0,>=0.30.0->transformers<4.53.3,>=3.4.0->spacy-transformers)
  Using cached hf_xet-1.4.3-cp37-abi3-manylinux2014_x86_64.manylinux_2_17_x86_64.whl.metadata (4.9 kB)
Collecting anyio (from httpx>=0.24.0->weasel<2.0.0,>=1.0.0->spacy)
  Using cached anyio-4.13.0-py3-none-any.whl.metadata (4.5 kB)
Collecting httpcore==1.* (from httpx>=0.24.0->weasel<2.0.0,>=1.0.0->spacy)
  Using cached httpcore-1.0.9-py3-none-any.whl.metadata (21 kB)
Collecting h11>=0.16 (from httpcore==1.*->httpx>=0.24.0->weasel<2.0.0,>=1.0.0->spacy)
  Using cached h11-0.16.0-py3-none-any.whl.metadata (8.3 kB)
Collecting markdown-it-py>=2.2.0 (from rich>=12.3.0->typer<1.0.0,>=0.3.0->spacy)
  Using cached markdown_it_py-4.0.0-py3-none-any.whl.metadata (7.3 kB)
Collecting pygments<3.0.0,>=2.13.0 (from rich>=12.3.0->typer<1.0.0,>=0.3.0->spacy)
  Using cached pygments-2.20.0-py3-none-any.whl.metadata (2.5 kB)
Collecting mdurl~=0.1 (from markdown-it-py>=2.2.0->rich>=12.3.0->typer<1.0.0,>=0.3.0->spacy)
  Using cached mdurl-0.1.2-py3-none-any.whl.metadata (1.6 kB)
Collecting wrapt (from smart-open>=5.2.1->weasel<2.0.0,>=1.0.0->spacy)
  Using cached wrapt-2.1.2-cp312-cp312-manylinux1_x86_64.manylinux_2_28_x86_64.manylinux_2_5_x86_64.whl.metadata (7.4 kB)
Requirement already satisfied: networkx in ./venv/lib/python3.12/site-packages (from torch>=1.8.0->spacy-transformers) (3.6.1)
Requirement already satisfied: nvidia-cuda-nvrtc-cu12==12.1.105 in ./venv/lib/python3.12/site-packages (from torch>=1.8.0->spacy-transformers) (12.1.105)
Requirement already satisfied: nvidia-cuda-runtime-cu12==12.1.105 in ./venv/lib/python3.12/site-packages (from torch>=1.8.0->spacy-transformers) (12.1.105)
Requirement already satisfied: nvidia-cuda-cupti-cu12==12.1.105 in ./venv/lib/python3.12/site-packages (from torch>=1.8.0->spacy-transformers) (12.1.105)
Requirement already satisfied: nvidia-cudnn-cu12==9.1.0.70 in ./venv/lib/python3.12/site-packages (from torch>=1.8.0->spacy-transformers) (9.1.0.70)
Requirement already satisfied: nvidia-cublas-cu12==12.1.3.1 in ./venv/lib/python3.12/site-packages (from torch>=1.8.0->spacy-transformers) (12.1.3.1)
Requirement already satisfied: nvidia-cufft-cu12==11.0.2.54 in ./venv/lib/python3.12/site-packages (from torch>=1.8.0->spacy-transformers) (11.0.2.54)
Requirement already satisfied: nvidia-curand-cu12==10.3.2.106 in ./venv/lib/python3.12/site-packages (from torch>=1.8.0->spacy-transformers) (10.3.2.106)
Requirement already satisfied: nvidia-cusolver-cu12==11.4.5.107 in ./venv/lib/python3.12/site-packages (from torch>=1.8.0->spacy-transformers) (11.4.5.107)
Requirement already satisfied: nvidia-cusparse-cu12==12.1.0.106 in ./venv/lib/python3.12/site-packages (from torch>=1.8.0->spacy-transformers) (12.1.0.106)
Requirement already satisfied: nvidia-nccl-cu12==2.21.5 in ./venv/lib/python3.12/site-packages (from torch>=1.8.0->spacy-transformers) (2.21.5)
Requirement already satisfied: nvidia-nvtx-cu12==12.1.105 in ./venv/lib/python3.12/site-packages (from torch>=1.8.0->spacy-transformers) (12.1.105)
Requirement already satisfied: triton==3.1.0 in ./venv/lib/python3.12/site-packages (from torch>=1.8.0->spacy-transformers) (3.1.0)
Requirement already satisfied: sympy==1.13.1 in ./venv/lib/python3.12/site-packages (from torch>=1.8.0->spacy-transformers) (1.13.1)
Requirement already satisfied: nvidia-nvjitlink-cu12 in ./venv/lib/python3.12/site-packages (from nvidia-cusolver-cu12==11.4.5.107->torch>=1.8.0->spacy-transformers) (12.9.86)
Requirement already satisfied: mpmath<1.4,>=1.1.0 in ./venv/lib/python3.12/site-packages (from sympy==1.13.1->torch>=1.8.0->spacy-transformers) (1.3.0)
Requirement already satisfied: MarkupSafe>=2.0 in ./venv/lib/python3.12/site-packages (from jinja2->spacy) (3.0.3)
Using cached spacy-3.8.14-cp312-cp312-manylinux2014_x86_64.manylinux_2_17_x86_64.whl (33.2 MB)
Using cached catalogue-2.0.10-py3-none-any.whl (17 kB)
Using cached confection-1.3.3-py3-none-any.whl (35 kB)
Using cached cymem-2.0.13-cp312-cp312-manylinux2014_x86_64.manylinux_2_17_x86_64.whl (260 kB)
Using cached murmurhash-1.0.15-cp312-cp312-manylinux1_x86_64.manylinux2014_x86_64.manylinux_2_17_x86_64.manylinux_2_5_x86_64.whl (134 kB)
Using cached preshed-3.0.13-cp312-cp312-manylinux2014_x86_64.manylinux_2_17_x86_64.whl (868 kB)
Using cached pydantic-2.13.3-py3-none-any.whl (471 kB)
Using cached pydantic_core-2.46.3-cp312-cp312-manylinux_2_17_x86_64.manylinux2014_x86_64.whl (2.1 MB)
Using cached requests-2.33.1-py3-none-any.whl (64 kB)
Using cached charset_normalizer-3.4.7-cp312-cp312-manylinux2014_x86_64.manylinux_2_17_x86_64.manylinux_2_28_x86_64.whl (216 kB)
Using cached idna-3.13-py3-none-any.whl (68 kB)
Using cached spacy_legacy-3.0.12-py2.py3-none-any.whl (29 kB)
Using cached spacy_loggers-1.0.5-py3-none-any.whl (22 kB)
Using cached srsly-2.5.3-cp312-cp312-manylinux2014_x86_64.manylinux_2_17_x86_64.whl (1.2 MB)
Using cached thinc-8.3.13-cp312-cp312-manylinux2014_x86_64.manylinux_2_17_x86_64.whl (3.9 MB)
Using cached blis-1.3.3-cp312-cp312-manylinux2014_x86_64.manylinux_2_17_x86_64.whl (11.4 MB)
Using cached tqdm-4.67.3-py3-none-any.whl (78 kB)
Using cached typer-0.24.2-py3-none-any.whl (55 kB)
Using cached urllib3-2.6.3-py3-none-any.whl (131 kB)
Using cached wasabi-1.1.3-py3-none-any.whl (27 kB)
Using cached weasel-1.0.0-py3-none-any.whl (50 kB)
Using cached spacy_transformers-1.4.0-cp312-cp312-manylinux2014_x86_64.manylinux_2_17_x86_64.whl (780 kB)
Using cached spacy_alignments-0.9.2-cp312-cp312-manylinux_2_17_x86_64.manylinux2014_x86_64.whl (313 kB)
Using cached transformers-4.53.2-py3-none-any.whl (10.8 MB)
Using cached huggingface_hub-0.36.2-py3-none-any.whl (566 kB)
Using cached hf_xet-1.4.3-cp37-abi3-manylinux2014_x86_64.manylinux_2_17_x86_64.whl (4.2 MB)
Using cached tokenizers-0.21.4-cp39-abi3-manylinux_2_17_x86_64.manylinux2014_x86_64.whl (3.1 MB)
Using cached annotated_doc-0.0.4-py3-none-any.whl (5.3 kB)
Using cached annotated_types-0.7.0-py3-none-any.whl (13 kB)
Using cached certifi-2026.4.22-py3-none-any.whl (135 kB)
Using cached click-8.3.3-py3-none-any.whl (110 kB)
Using cached cloudpathlib-0.23.0-py3-none-any.whl (62 kB)
Using cached httpx-0.28.1-py3-none-any.whl (73 kB)
Using cached httpcore-1.0.9-py3-none-any.whl (78 kB)
Using cached h11-0.16.0-py3-none-any.whl (37 kB)
Using cached pyyaml-6.0.3-cp312-cp312-manylinux2014_x86_64.manylinux_2_17_x86_64.manylinux_2_28_x86_64.whl (807 kB)
Using cached regex-2026.4.4-cp312-cp312-manylinux2014_x86_64.manylinux_2_17_x86_64.manylinux_2_28_x86_64.whl (801 kB)
Using cached rich-15.0.0-py3-none-any.whl (310 kB)
Using cached pygments-2.20.0-py3-none-any.whl (1.2 MB)
Using cached markdown_it_py-4.0.0-py3-none-any.whl (87 kB)
Using cached mdurl-0.1.2-py3-none-any.whl (10.0 kB)
Using cached safetensors-0.7.0-cp38-abi3-manylinux_2_17_x86_64.manylinux2014_x86_64.whl (507 kB)
Using cached shellingham-1.5.4-py2.py3-none-any.whl (9.8 kB)
Using cached smart_open-7.6.0-py3-none-any.whl (64 kB)
Using cached typing_inspection-0.4.2-py3-none-any.whl (14 kB)
Using cached anyio-4.13.0-py3-none-any.whl (114 kB)
Using cached wrapt-2.1.2-cp312-cp312-manylinux1_x86_64.manylinux_2_28_x86_64.manylinux_2_5_x86_64.whl (121 kB)
Installing collected packages: wrapt, wasabi, urllib3, typing-inspection, tqdm, spacy-loggers, spacy-legacy, spacy-alignments, shellingham, safetensors, regex, pyyaml, pygments, pydantic-core, murmurhash, mdurl, idna, hf-xet, h11, cymem, confection, cloudpathlib, click, charset_normalizer, certifi, catalogue, blis, annotated-types, annotated-doc, srsly, smart-open, requests, pydantic, preshed, markdown-it-py, httpcore, anyio, thinc, rich, huggingface-hub, httpx, typer, tokenizers, weasel, transformers, spacy, spacy-transformers

Successfully installed annotated-doc-0.0.4 annotated-types-0.7.0 anyio-4.13.0 blis-1.3.3 catalogue-2.0.10 certifi-2026.4.22 charset_normalizer-3.4.7 click-8.3.3 cloudpathlib-0.23.0 confection-1.3.3 cymem-2.0.13 h11-0.16.0 hf-xet-1.4.3 httpcore-1.0.9 httpx-0.28.1 huggingface-hub-0.36.2 idna-3.13 markdown-it-py-4.0.0 mdurl-0.1.2 murmurhash-1.0.15 preshed-3.0.13 pydantic-2.13.3 pydantic-core-2.46.3 pygments-2.20.0 pyyaml-6.0.3 regex-2026.4.4 requests-2.33.1 rich-15.0.0 safetensors-0.7.0 shellingham-1.5.4 smart-open-7.6.0 spacy-3.8.14 spacy-alignments-0.9.2 spacy-legacy-3.0.12 spacy-loggers-1.0.5 spacy-transformers-1.4.0 srsly-2.5.3 thinc-8.3.13 tokenizers-0.21.4 tqdm-4.67.3 transformers-4.53.2 typer-0.24.2 typing-inspection-0.4.2 urllib3-2.6.3 wasabi-1.1.3 weasel-1.0.0 wrapt-2.1.2
Looking in indexes: https://pypi.org/simple, https://download.pytorch.org/whl/cu121
Requirement already satisfied: spacy>=3.7.0 in ./venv/lib/python3.12/site-packages (from -r src/requirements.txt (line 1)) (3.8.14)
Requirement already satisfied: spacy-transformers>=1.3.0 in ./venv/lib/python3.12/site-packages (from -r src/requirements.txt (line 2)) (1.4.0)
Requirement already satisfied: requests in ./venv/lib/python3.12/site-packages (from -r src/requirements.txt (line 3)) (2.33.1)
Requirement already satisfied: huggingface_hub in ./venv/lib/python3.12/site-packages (from -r src/requirements.txt (line 4)) (0.36.2)
Collecting Wikipedia-API (from -r src/requirements.txt (line 5))
  Using cached wikipedia_api-0.14.1-py3-none-any.whl.metadata (43 kB)
Collecting bs4 (from -r src/requirements.txt (line 6))
  Using cached bs4-0.0.2-py2.py3-none-any.whl.metadata (411 bytes)
Requirement already satisfied: cupy-cuda12x in ./venv/lib/python3.12/site-packages (from -r src/requirements.txt (line 7)) (12.3.0)
Requirement already satisfied: torch==2.5.1+cu121 in ./venv/lib/python3.12/site-packages (from -r src/requirements.txt (line 10)) (2.5.1+cu121)
Requirement already satisfied: filelock in ./venv/lib/python3.12/site-packages (from torch==2.5.1+cu121->-r src/requirements.txt (line 10)) (3.25.2)
Requirement already satisfied: typing-extensions>=4.8.0 in ./venv/lib/python3.12/site-packages (from torch==2.5.1+cu121->-r src/requirements.txt (line 10)) (4.15.0)
Requirement already satisfied: networkx in ./venv/lib/python3.12/site-packages (from torch==2.5.1+cu121->-r src/requirements.txt (line 10)) (3.6.1)
Requirement already satisfied: jinja2 in ./venv/lib/python3.12/site-packages (from torch==2.5.1+cu121->-r src/requirements.txt (line 10)) (3.1.6)
Requirement already satisfied: fsspec in ./venv/lib/python3.12/site-packages (from torch==2.5.1+cu121->-r src/requirements.txt (line 10)) (2026.2.0)
Requirement already satisfied: nvidia-cuda-nvrtc-cu12==12.1.105 in ./venv/lib/python3.12/site-packages (from torch==2.5.1+cu121->-r src/requirements.txt (line 10)) (12.1.105)
Requirement already satisfied: nvidia-cuda-runtime-cu12==12.1.105 in ./venv/lib/python3.12/site-packages (from torch==2.5.1+cu121->-r src/requirements.txt (line 10)) (12.1.105)
Requirement already satisfied: nvidia-cuda-cupti-cu12==12.1.105 in ./venv/lib/python3.12/site-packages (from torch==2.5.1+cu121->-r src/requirements.txt (line 10)) (12.1.105)
Requirement already satisfied: nvidia-cudnn-cu12==9.1.0.70 in ./venv/lib/python3.12/site-packages (from torch==2.5.1+cu121->-r src/requirements.txt (line 10)) (9.1.0.70)
Requirement already satisfied: nvidia-cublas-cu12==12.1.3.1 in ./venv/lib/python3.12/site-packages (from torch==2.5.1+cu121->-r src/requirements.txt (line 10)) (12.1.3.1)
Requirement already satisfied: nvidia-cufft-cu12==11.0.2.54 in ./venv/lib/python3.12/site-packages (from torch==2.5.1+cu121->-r src/requirements.txt (line 10)) (11.0.2.54)
Requirement already satisfied: nvidia-curand-cu12==10.3.2.106 in ./venv/lib/python3.12/site-packages (from torch==2.5.1+cu121->-r src/requirements.txt (line 10)) (10.3.2.106)
Requirement already satisfied: nvidia-cusolver-cu12==11.4.5.107 in ./venv/lib/python3.12/site-packages (from torch==2.5.1+cu121->-r src/requirements.txt (line 10)) (11.4.5.107)
Requirement already satisfied: nvidia-cusparse-cu12==12.1.0.106 in ./venv/lib/python3.12/site-packages (from torch==2.5.1+cu121->-r src/requirements.txt (line 10)) (12.1.0.106)
Requirement already satisfied: nvidia-nccl-cu12==2.21.5 in ./venv/lib/python3.12/site-packages (from torch==2.5.1+cu121->-r src/requirements.txt (line 10)) (2.21.5)
Requirement already satisfied: nvidia-nvtx-cu12==12.1.105 in ./venv/lib/python3.12/site-packages (from torch==2.5.1+cu121->-r src/requirements.txt (line 10)) (12.1.105)
Requirement already satisfied: triton==3.1.0 in ./venv/lib/python3.12/site-packages (from torch==2.5.1+cu121->-r src/requirements.txt (line 10)) (3.1.0)
Requirement already satisfied: setuptools in ./venv/lib/python3.12/site-packages (from torch==2.5.1+cu121->-r src/requirements.txt (line 10)) (82.0.1)
Requirement already satisfied: sympy==1.13.1 in ./venv/lib/python3.12/site-packages (from torch==2.5.1+cu121->-r src/requirements.txt (line 10)) (1.13.1)
Requirement already satisfied: nvidia-nvjitlink-cu12 in ./venv/lib/python3.12/site-packages (from nvidia-cusolver-cu12==11.4.5.107->torch==2.5.1+cu121->-r src/requirements.txt (line 10)) (12.9.86)
Requirement already satisfied: mpmath<1.4,>=1.1.0 in ./venv/lib/python3.12/site-packages (from sympy==1.13.1->torch==2.5.1+cu121->-r src/requirements.txt (line 10)) (1.3.0)
Requirement already satisfied: spacy-legacy<3.1.0,>=3.0.11 in ./venv/lib/python3.12/site-packages (from spacy>=3.7.0->-r src/requirements.txt (line 1)) (3.0.12)
Requirement already satisfied: spacy-loggers<2.0.0,>=1.0.0 in ./venv/lib/python3.12/site-packages (from spacy>=3.7.0->-r src/requirements.txt (line 1)) (1.0.5)
Requirement already satisfied: murmurhash<1.1.0,>=0.28.0 in ./venv/lib/python3.12/site-packages (from spacy>=3.7.0->-r src/requirements.txt (line 1)) (1.0.15)
Requirement already satisfied: cymem<2.1.0,>=2.0.2 in ./venv/lib/python3.12/site-packages (from spacy>=3.7.0->-r src/requirements.txt (line 1)) (2.0.13)
Requirement already satisfied: preshed<3.1.0,>=3.0.2 in ./venv/lib/python3.12/site-packages (from spacy>=3.7.0->-r src/requirements.txt (line 1)) (3.0.13)
Requirement already satisfied: thinc<8.4.0,>=8.3.12 in ./venv/lib/python3.12/site-packages (from spacy>=3.7.0->-r src/requirements.txt (line 1)) (8.3.13)
Requirement already satisfied: wasabi<1.2.0,>=0.9.1 in ./venv/lib/python3.12/site-packages (from spacy>=3.7.0->-r src/requirements.txt (line 1)) (1.1.3)
Requirement already satisfied: srsly<3.0.0,>=2.5.3 in ./venv/lib/python3.12/site-packages (from spacy>=3.7.0->-r src/requirements.txt (line 1)) (2.5.3)
Requirement already satisfied: catalogue<2.1.0,>=2.0.6 in ./venv/lib/python3.12/site-packages (from spacy>=3.7.0->-r src/requirements.txt (line 1)) (2.0.10)
Requirement already satisfied: weasel<2.0.0,>=1.0.0 in ./venv/lib/python3.12/site-packages (from spacy>=3.7.0->-r src/requirements.txt (line 1)) (1.0.0)
Requirement already satisfied: confection<2.0.0,>=1.3.2 in ./venv/lib/python3.12/site-packages (from spacy>=3.7.0->-r src/requirements.txt (line 1)) (1.3.3)
Requirement already satisfied: typer<1.0.0,>=0.3.0 in ./venv/lib/python3.12/site-packages (from spacy>=3.7.0->-r src/requirements.txt (line 1)) (0.24.2)
Requirement already satisfied: tqdm<5.0.0,>=4.38.0 in ./venv/lib/python3.12/site-packages (from spacy>=3.7.0->-r src/requirements.txt (line 1)) (4.67.3)
Requirement already satisfied: numpy>=1.19.0 in ./venv/lib/python3.12/site-packages (from spacy>=3.7.0->-r src/requirements.txt (line 1)) (1.26.4)
Requirement already satisfied: pydantic<3.0.0,>=2.0.0 in ./venv/lib/python3.12/site-packages (from spacy>=3.7.0->-r src/requirements.txt (line 1)) (2.13.3)
Requirement already satisfied: packaging>=20.0 in ./venv/lib/python3.12/site-packages (from spacy>=3.7.0->-r src/requirements.txt (line 1)) (26.1)
Requirement already satisfied: charset_normalizer<4,>=2 in ./venv/lib/python3.12/site-packages (from requests->-r src/requirements.txt (line 3)) (3.4.7)
Requirement already satisfied: idna<4,>=2.5 in ./venv/lib/python3.12/site-packages (from requests->-r src/requirements.txt (line 3)) (3.13)
Requirement already satisfied: urllib3<3,>=1.26 in ./venv/lib/python3.12/site-packages (from requests->-r src/requirements.txt (line 3)) (2.6.3)
Requirement already satisfied: certifi>=2023.5.7 in ./venv/lib/python3.12/site-packages (from requests->-r src/requirements.txt (line 3)) (2026.4.22)
Requirement already satisfied: annotated-types>=0.6.0 in ./venv/lib/python3.12/site-packages (from pydantic<3.0.0,>=2.0.0->spacy>=3.7.0->-r src/requirements.txt (line 1)) (0.7.0)
Requirement already satisfied: pydantic-core==2.46.3 in ./venv/lib/python3.12/site-packages (from pydantic<3.0.0,>=2.0.0->spacy>=3.7.0->-r src/requirements.txt (line 1)) (2.46.3)
Requirement already satisfied: typing-inspection>=0.4.2 in ./venv/lib/python3.12/site-packages (from pydantic<3.0.0,>=2.0.0->spacy>=3.7.0->-r src/requirements.txt (line 1)) (0.4.2)
Requirement already satisfied: blis<1.4.0,>=1.3.0 in ./venv/lib/python3.12/site-packages (from thinc<8.4.0,>=8.3.12->spacy>=3.7.0->-r src/requirements.txt (line 1)) (1.3.3)
Requirement already satisfied: click>=8.2.1 in ./venv/lib/python3.12/site-packages (from typer<1.0.0,>=0.3.0->spacy>=3.7.0->-r src/requirements.txt (line 1)) (8.3.3)
Requirement already satisfied: shellingham>=1.3.0 in ./venv/lib/python3.12/site-packages (from typer<1.0.0,>=0.3.0->spacy>=3.7.0->-r src/requirements.txt (line 1)) (1.5.4)
Requirement already satisfied: rich>=12.3.0 in ./venv/lib/python3.12/site-packages (from typer<1.0.0,>=0.3.0->spacy>=3.7.0->-r src/requirements.txt (line 1)) (15.0.0)
Requirement already satisfied: annotated-doc>=0.0.2 in ./venv/lib/python3.12/site-packages (from typer<1.0.0,>=0.3.0->spacy>=3.7.0->-r src/requirements.txt (line 1)) (0.0.4)
Requirement already satisfied: cloudpathlib>=0.7.0 in ./venv/lib/python3.12/site-packages (from weasel<2.0.0,>=1.0.0->spacy>=3.7.0->-r src/requirements.txt (line 1)) (0.23.0)
Requirement already satisfied: smart-open>=5.2.1 in ./venv/lib/python3.12/site-packages (from weasel<2.0.0,>=1.0.0->spacy>=3.7.0->-r src/requirements.txt (line 1)) (7.6.0)
Requirement already satisfied: httpx>=0.24.0 in ./venv/lib/python3.12/site-packages (from weasel<2.0.0,>=1.0.0->spacy>=3.7.0->-r src/requirements.txt (line 1)) (0.28.1)
Requirement already satisfied: transformers<4.53.3,>=3.4.0 in ./venv/lib/python3.12/site-packages (from spacy-transformers>=1.3.0->-r src/requirements.txt (line 2)) (4.53.2)
Requirement already satisfied: spacy-alignments<1.0.0,>=0.7.2 in ./venv/lib/python3.12/site-packages (from spacy-transformers>=1.3.0->-r src/requirements.txt (line 2)) (0.9.2)
Requirement already satisfied: pyyaml>=5.1 in ./venv/lib/python3.12/site-packages (from transformers<4.53.3,>=3.4.0->spacy-transformers>=1.3.0->-r src/requirements.txt (line 2)) (6.0.3)
Requirement already satisfied: regex!=2019.12.17 in ./venv/lib/python3.12/site-packages (from transformers<4.53.3,>=3.4.0->spacy-transformers>=1.3.0->-r src/requirements.txt (line 2)) (2026.4.4)
Requirement already satisfied: tokenizers<0.22,>=0.21 in ./venv/lib/python3.12/site-packages (from transformers<4.53.3,>=3.4.0->spacy-transformers>=1.3.0->-r src/requirements.txt (line 2)) (0.21.4)
Requirement already satisfied: safetensors>=0.4.3 in ./venv/lib/python3.12/site-packages (from transformers<4.53.3,>=3.4.0->spacy-transformers>=1.3.0->-r src/requirements.txt (line 2)) (0.7.0)
Requirement already satisfied: hf-xet<2.0.0,>=1.1.3 in ./venv/lib/python3.12/site-packages (from huggingface_hub->-r src/requirements.txt (line 4)) (1.4.3)
Collecting click>=8.2.1 (from typer<1.0.0,>=0.3.0->spacy>=3.7.0->-r src/requirements.txt (line 1))
  Using cached click-8.3.2-py3-none-any.whl.metadata (2.6 kB)
Collecting tenacity==9.1.4 (from Wikipedia-API->-r src/requirements.txt (line 5))
  Using cached tenacity-9.1.4-py3-none-any.whl.metadata (1.2 kB)
Requirement already satisfied: anyio in ./venv/lib/python3.12/site-packages (from httpx>=0.24.0->weasel<2.0.0,>=1.0.0->spacy>=3.7.0->-r src/requirements.txt (line 1)) (4.13.0)
Requirement already satisfied: httpcore==1.* in ./venv/lib/python3.12/site-packages (from httpx>=0.24.0->weasel<2.0.0,>=1.0.0->spacy>=3.7.0->-r src/requirements.txt (line 1)) (1.0.9)
Requirement already satisfied: h11>=0.16 in ./venv/lib/python3.12/site-packages (from httpcore==1.*->httpx>=0.24.0->weasel<2.0.0,>=1.0.0->spacy>=3.7.0->-r src/requirements.txt (line 1)) (0.16.0)
Collecting beautifulsoup4 (from bs4->-r src/requirements.txt (line 6))
  Using cached beautifulsoup4-4.14.3-py3-none-any.whl.metadata (3.8 kB)
Requirement already satisfied: fastrlock>=0.5 in ./venv/lib/python3.12/site-packages (from cupy-cuda12x->-r src/requirements.txt (line 7)) (0.8.3)
Requirement already satisfied: markdown-it-py>=2.2.0 in ./venv/lib/python3.12/site-packages (from rich>=12.3.0->typer<1.0.0,>=0.3.0->spacy>=3.7.0->-r src/requirements.txt (line 1)) (4.0.0)
Requirement already satisfied: pygments<3.0.0,>=2.13.0 in ./venv/lib/python3.12/site-packages (from rich>=12.3.0->typer<1.0.0,>=0.3.0->spacy>=3.7.0->-r src/requirements.txt (line 1)) (2.20.0)
Requirement already satisfied: mdurl~=0.1 in ./venv/lib/python3.12/site-packages (from markdown-it-py>=2.2.0->rich>=12.3.0->typer<1.0.0,>=0.3.0->spacy>=3.7.0->-r src/requirements.txt (line 1)) (0.1.2)
Requirement already satisfied: wrapt in ./venv/lib/python3.12/site-packages (from smart-open>=5.2.1->weasel<2.0.0,>=1.0.0->spacy>=3.7.0->-r src/requirements.txt (line 1)) (2.1.2)
Collecting soupsieve>=1.6.1 (from beautifulsoup4->bs4->-r src/requirements.txt (line 6))
  Using cached soupsieve-2.8.3-py3-none-any.whl.metadata (4.6 kB)
Requirement already satisfied: MarkupSafe>=2.0 in ./venv/lib/python3.12/site-packages (from jinja2->torch==2.5.1+cu121->-r src/requirements.txt (line 10)) (3.0.3)
Using cached wikipedia_api-0.14.1-py3-none-any.whl (129 kB)
Using cached click-8.3.2-py3-none-any.whl (108 kB)
Using cached tenacity-9.1.4-py3-none-any.whl (28 kB)
Using cached bs4-0.0.2-py2.py3-none-any.whl (1.2 kB)
Using cached beautifulsoup4-4.14.3-py3-none-any.whl (107 kB)
Using cached soupsieve-2.8.3-py3-none-any.whl (37 kB)
Installing collected packages: tenacity, soupsieve, click, beautifulsoup4, Wikipedia-API, bs4
  Attempting uninstall: click
    Found existing installation: click 8.3.3
    Uninstalling click-8.3.3:
      Successfully uninstalled click-8.3.3

Successfully installed Wikipedia-API-0.14.1 beautifulsoup4-4.14.3 bs4-0.0.2 click-8.3.2 soupsieve-2.8.3 tenacity-9.1.4
Lade spaCy Modelle herunter...
Collecting de-dep-news-trf==3.8.0
  Downloading https://github.com/explosion/spacy-models/releases/download/de_dep_news_trf-3.8.0/de_dep_news_trf-3.8.0-py3-none-any.whl (410.4 MB)
     ━━━━━━━━━━━━━━━━━━━━━━━━━━━━━━━━━━━━━━━━ 410.4/410.4 MB 16.7 MB/s  0:00:23
Collecting spacy-curated-transformers<1.0.0,>=0.2.2 (from de-dep-news-trf==3.8.0)
  Using cached spacy_curated_transformers-0.3.1-py2.py3-none-any.whl.metadata (2.7 kB)
Collecting curated-transformers<0.2.0,>=0.1.0 (from spacy-curated-transformers<1.0.0,>=0.2.2->de-dep-news-trf==3.8.0)
  Using cached curated_transformers-0.1.1-py2.py3-none-any.whl.metadata (965 bytes)
Collecting curated-tokenizers<0.1.0,>=0.0.9 (from spacy-curated-transformers<1.0.0,>=0.2.2->de-dep-news-trf==3.8.0)
  Using cached curated_tokenizers-0.0.9-cp312-cp312-manylinux_2_17_x86_64.manylinux2014_x86_64.whl.metadata (1.9 kB)
Requirement already satisfied: torch>=1.12.0 in ./venv/lib/python3.12/site-packages (from spacy-curated-transformers<1.0.0,>=0.2.2->de-dep-news-trf==3.8.0) (2.5.1+cu121)
Requirement already satisfied: regex>=2022 in ./venv/lib/python3.12/site-packages (from curated-tokenizers<0.1.0,>=0.0.9->spacy-curated-transformers<1.0.0,>=0.2.2->de-dep-news-trf==3.8.0) (2026.4.4)
Requirement already satisfied: filelock in ./venv/lib/python3.12/site-packages (from torch>=1.12.0->spacy-curated-transformers<1.0.0,>=0.2.2->de-dep-news-trf==3.8.0) (3.25.2)
Requirement already satisfied: typing-extensions>=4.8.0 in ./venv/lib/python3.12/site-packages (from torch>=1.12.0->spacy-curated-transformers<1.0.0,>=0.2.2->de-dep-news-trf==3.8.0) (4.15.0)
Requirement already satisfied: networkx in ./venv/lib/python3.12/site-packages (from torch>=1.12.0->spacy-curated-transformers<1.0.0,>=0.2.2->de-dep-news-trf==3.8.0) (3.6.1)
Requirement already satisfied: jinja2 in ./venv/lib/python3.12/site-packages (from torch>=1.12.0->spacy-curated-transformers<1.0.0,>=0.2.2->de-dep-news-trf==3.8.0) (3.1.6)
Requirement already satisfied: fsspec in ./venv/lib/python3.12/site-packages (from torch>=1.12.0->spacy-curated-transformers<1.0.0,>=0.2.2->de-dep-news-trf==3.8.0) (2026.2.0)
Requirement already satisfied: nvidia-cuda-nvrtc-cu12==12.1.105 in ./venv/lib/python3.12/site-packages (from torch>=1.12.0->spacy-curated-transformers<1.0.0,>=0.2.2->de-dep-news-trf==3.8.0) (12.1.105)
Requirement already satisfied: nvidia-cuda-runtime-cu12==12.1.105 in ./venv/lib/python3.12/site-packages (from torch>=1.12.0->spacy-curated-transformers<1.0.0,>=0.2.2->de-dep-news-trf==3.8.0) (12.1.105)
Requirement already satisfied: nvidia-cuda-cupti-cu12==12.1.105 in ./venv/lib/python3.12/site-packages (from torch>=1.12.0->spacy-curated-transformers<1.0.0,>=0.2.2->de-dep-news-trf==3.8.0) (12.1.105)
Requirement already satisfied: nvidia-cudnn-cu12==9.1.0.70 in ./venv/lib/python3.12/site-packages (from torch>=1.12.0->spacy-curated-transformers<1.0.0,>=0.2.2->de-dep-news-trf==3.8.0) (9.1.0.70)
Requirement already satisfied: nvidia-cublas-cu12==12.1.3.1 in ./venv/lib/python3.12/site-packages (from torch>=1.12.0->spacy-curated-transformers<1.0.0,>=0.2.2->de-dep-news-trf==3.8.0) (12.1.3.1)
Requirement already satisfied: nvidia-cufft-cu12==11.0.2.54 in ./venv/lib/python3.12/site-packages (from torch>=1.12.0->spacy-curated-transformers<1.0.0,>=0.2.2->de-dep-news-trf==3.8.0) (11.0.2.54)
Requirement already satisfied: nvidia-curand-cu12==10.3.2.106 in ./venv/lib/python3.12/site-packages (from torch>=1.12.0->spacy-curated-transformers<1.0.0,>=0.2.2->de-dep-news-trf==3.8.0) (10.3.2.106)
Requirement already satisfied: nvidia-cusolver-cu12==11.4.5.107 in ./venv/lib/python3.12/site-packages (from torch>=1.12.0->spacy-curated-transformers<1.0.0,>=0.2.2->de-dep-news-trf==3.8.0) (11.4.5.107)
Requirement already satisfied: nvidia-cusparse-cu12==12.1.0.106 in ./venv/lib/python3.12/site-packages (from torch>=1.12.0->spacy-curated-transformers<1.0.0,>=0.2.2->de-dep-news-trf==3.8.0) (12.1.0.106)
Requirement already satisfied: nvidia-nccl-cu12==2.21.5 in ./venv/lib/python3.12/site-packages (from torch>=1.12.0->spacy-curated-transformers<1.0.0,>=0.2.2->de-dep-news-trf==3.8.0) (2.21.5)
Requirement already satisfied: nvidia-nvtx-cu12==12.1.105 in ./venv/lib/python3.12/site-packages (from torch>=1.12.0->spacy-curated-transformers<1.0.0,>=0.2.2->de-dep-news-trf==3.8.0) (12.1.105)
Requirement already satisfied: triton==3.1.0 in ./venv/lib/python3.12/site-packages (from torch>=1.12.0->spacy-curated-transformers<1.0.0,>=0.2.2->de-dep-news-trf==3.8.0) (3.1.0)
Requirement already satisfied: setuptools in ./venv/lib/python3.12/site-packages (from torch>=1.12.0->spacy-curated-transformers<1.0.0,>=0.2.2->de-dep-news-trf==3.8.0) (82.0.1)
Requirement already satisfied: sympy==1.13.1 in ./venv/lib/python3.12/site-packages (from torch>=1.12.0->spacy-curated-transformers<1.0.0,>=0.2.2->de-dep-news-trf==3.8.0) (1.13.1)
Requirement already satisfied: nvidia-nvjitlink-cu12 in ./venv/lib/python3.12/site-packages (from nvidia-cusolver-cu12==11.4.5.107->torch>=1.12.0->spacy-curated-transformers<1.0.0,>=0.2.2->de-dep-news-trf==3.8.0) (12.9.86)
Requirement already satisfied: mpmath<1.4,>=1.1.0 in ./venv/lib/python3.12/site-packages (from sympy==1.13.1->torch>=1.12.0->spacy-curated-transformers<1.0.0,>=0.2.2->de-dep-news-trf==3.8.0) (1.3.0)
Requirement already satisfied: MarkupSafe>=2.0 in ./venv/lib/python3.12/site-packages (from jinja2->torch>=1.12.0->spacy-curated-transformers<1.0.0,>=0.2.2->de-dep-news-trf==3.8.0) (3.0.3)
Using cached spacy_curated_transformers-0.3.1-py2.py3-none-any.whl (237 kB)
Using cached curated_tokenizers-0.0.9-cp312-cp312-manylinux_2_17_x86_64.manylinux2014_x86_64.whl (734 kB)
Using cached curated_transformers-0.1.1-py2.py3-none-any.whl (25 kB)
Installing collected packages: curated-tokenizers, curated-transformers, spacy-curated-transformers, de-dep-news-trf

Successfully installed curated-tokenizers-0.0.9 curated-transformers-0.1.1 de-dep-news-trf-3.8.0 spacy-curated-transformers-0.3.1
[38;5;2m✔ Download and installation successful[0m
You can now load the package via spacy.load('de_dep_news_trf')
Collecting de-core-news-sm==3.8.0
  Downloading https://github.com/explosion/spacy-models/releases/download/de_core_news_sm-3.8.0/de_core_news_sm-3.8.0-py3-none-any.whl (14.6 MB)
     ━━━━━━━━━━━━━━━━━━━━━━━━━━━━━━━━━━━━━━━━ 14.6/14.6 MB 13.7 MB/s  0:00:01
Installing collected packages: de-core-news-sm
Successfully installed de-core-news-sm-3.8.0
[38;5;2m✔ Download and installation successful[0m
You can now load the package via spacy.load('de_core_news_sm')
Collecting de-core-news-lg==3.8.0
  Downloading https://github.com/explosion/spacy-models/releases/download/de_core_news_lg-3.8.0/de_core_news_lg-3.8.0-py3-none-any.whl (567.8 MB)
     ━━━━━━━━━━━━━━━━━━━━━━━━━━━━━━━━━━━━━━━━ 567.8/567.8 MB 17.6 MB/s  0:00:31
Installing collected packages: de-core-news-lg
Successfully installed de-core-news-lg-3.8.0
[38;5;2m✔ Download and installation successful[0m
You can now load the package via spacy.load('de_core_news_lg')
Setup abgeschlossen!
CUDA Available: True
CUDA Device Count: 1
CUDA Version: 12.1
Fri Apr 24 13:38:08 2026       
+-----------------------------------------------------------------------------------------+
| NVIDIA-SMI 550.163.01             Driver Version: 550.163.01     CUDA Version: 12.4     |
|-----------------------------------------+------------------------+----------------------+
| GPU  Name                 Persistence-M | Bus-Id          Disp.A | Volatile Uncorr. ECC |
| Fan  Temp   Perf          Pwr:Usage/Cap |           Memory-Usage | GPU-Util  Compute M. |
|                                         |                        |               MIG M. |
|=========================================+========================+======================|
|   0  NVIDIA GeForce RTX 4090        On  |   00000000:C1:00.0 Off |                    0 |
| 30%   36C    P8             72W /  450W |       2MiB /  23028MiB |      0%      Default |
|                                         |                        |                  N/A |
+-----------------------------------------+------------------------+----------------------+
                                                                                         
+-----------------------------------------------------------------------------------------+
| Processes:                                                                              |
|  GPU   GI   CI        PID   Type   Process name                              GPU Memory |
|        ID   ID                                                               Usage      |
|=========================================================================================|
|  No running processes found                                                             |
+-----------------------------------------------------------------------------------------+
Datenbank existiert bereits, überspringe tei_to_db.py
Trainingsdaten existieren bereits, überspringe tei_to_spacy.py
KB existiert bereits, überspringe build_dodis_kb.py
Starte Training...
[38;5;4mℹ Saving to output directory: output/dodis[0m
[38;5;4mℹ Using GPU: 0[0m
[1m
=========================== Initializing pipeline ===========================[0m
[38;5;2m✔ Initialized pipeline[0m
[1m
============================= Training pipeline =============================[0m
[38;5;4mℹ Pipeline: ['tok2vec', 'transformer', 'ner', 'tagger',
'morphologizer', 'senter', 'entity_linker'][0m
[38;5;4mℹ Frozen components: ['tok2vec', 'ner', 'tagger', 'morphologizer',
'senter'][0m
[38;5;4mℹ Set annotations on update for: ['tok2vec', 'ner', 'tagger',
'morphologizer', 'senter'][0m
[38;5;4mℹ Initial learn rate: 0.0[0m
E    #       LOSS TRANS...  LOSS ENTIT...  TAG_ACC  POS_ACC  MORPH_ACC  SENTS_F  SENTS_P  SENTS_R  NEL_MICRO_F  SCORE 
---  ------  -------------  -------------  -------  -------  ---------  -------  -------  -------  -----------  ------
  0       0           0.00           4.14     0.00     0.00       0.00     0.00     0.00     0.00        52.05    0.13
  0     200           0.00         449.03     0.00     0.00       0.00     0.00     0.00     0.00        86.56    0.22
  0     400           0.00         135.31     0.00     0.00       0.00     0.00     0.00     0.00        86.28    0.22
  0     600           0.00         126.25     0.00     0.00       0.00     0.00     0.00     0.00        86.23    0.22
  0     800           0.00         124.14     0.00     0.00       0.00     0.00     0.00     0.00        86.25    0.22
  0    1000           0.00         119.43     0.00     0.00       0.00     0.00     0.00     0.00        86.23    0.22
  0    1200           0.00         120.60     0.00     0.00       0.00     0.00     0.00     0.00        86.14    0.22
  0    1400           0.00         120.60     0.00     0.00       0.00     0.00     0.00     0.00        86.25    0.22
  0    1600           0.00         121.68     0.00     0.00       0.00     0.00     0.00     0.00        86.29    0.22
  0    1800           0.00         117.16     0.00     0.00       0.00     0.00     0.00     0.00        86.25    0.22
[38;5;2m✔ Saved pipeline to output directory[0m
output/dodis/model-last
Training abgeschlossen. Modell gespeichert unter output/dodis/model-best
